[0106/134728.714:ERROR:process_memory_win.cc(73)] ReadMemory at 0x24632a007f0 of 72 bytes failed: Only part of a ReadProcessMemory or WriteProcessMemory request was completed. (0x12B)
[0106/134728.714:WARNING:pe_image_annotations_reader.cc(134)] could not read annotations list object in C:\Program Files (x86)\Google\Chrome Beta\Application\80.0.3987.16\chrome_elf.dll
[0106/134728.718:ERROR:process_memory_win.cc(73)] ReadMemory at 0x24632ae4d60 of 72 bytes failed: Only part of a ReadProcessMemory or WriteProcessMemory request was completed. (0x12B)
[0106/134728.718:WARNING:pe_image_annotations_reader.cc(134)] could not read annotations list object in C:\Program Files (x86)\Google\Chrome Beta\Application\80.0.3987.16\chrome.dll
[0106/134728.777:ERROR:process_memory_win.cc(73)] ReadMemory at 0x7ff62d350000 of 64 bytes failed: Only part of a ReadProcessMemory or WriteProcessMemory request was completed. (0x12B)
[0106/134728.777:WARNING:pe_image_reader.cc(340)] could not read dos header from C:\Program Files (x86)\Google\Chrome Beta\Application\chrome.exe
[0106/134728.777:ERROR:process_memory_win.cc(73)] ReadMemory at 0x7ffd38a60000 of 64 bytes failed: Only part of a ReadProcessMemory or WriteProcessMemory request was completed. (0x12B)
[0106/134728.777:WARNING:pe_image_reader.cc(340)] could not read dos header from C:\WINDOWS\SYSTEM32\ntdll.dll
[0106/134728.777:ERROR:process_memory_win.cc(73)] ReadMemory at 0x7ffd38880000 of 64 bytes failed: Only part of a ReadProcessMemory or WriteProcessMemory request was completed. (0x12B)
[0106/134728.777:WARNING:pe_image_reader.cc(340)] could not read dos header from C:\WINDOWS\System32\KERNEL32.DLL
[0106/134728.777:ERROR:process_memory_win.cc(73)] ReadMemory at 0x7ffd35df0000 of 64 bytes failed: Only part of a ReadProcessMemory or WriteProcessMemory request was completed. (0x12B)
[0106/134728.777:WARNING:pe_image_reader.cc(340)] could not read dos header from C:\WINDOWS\System32\KERNELBASE.dll
[0106/134728.777:ERROR:process_memory_win.cc(73)] ReadMemory at 0x7ffcecd70000 of 64 bytes failed: Only part of a ReadProcessMemory or WriteProcessMemory request was completed. (0x12B)
[0106/134728.777:WARNING:pe_image_reader.cc(340)] could not read dos header from C:\Program Files (x86)\Google\Chrome Beta\Application\80.0.3987.16\chrome_elf.dll
[0106/134728.777:ERROR:process_memory_win.cc(73)] ReadMemory at 0x7ffd22ad0000 of 64 bytes failed: Only part of a ReadProcessMemory or WriteProcessMemory request was completed. (0x12B)
[0106/134728.777:WARNING:pe_image_reader.cc(340)] could not read dos header from C:\WINDOWS\SYSTEM32\VERSION.dll
[0106/134728.777:ERROR:process_memory_win.cc(73)] ReadMemory at 0x7ffd37190000 of 64 bytes failed: Only part of a ReadProcessMemory or WriteProcessMemory request was completed. (0x12B)
[0106/134728.777:WARNING:pe_image_reader.cc(340)] could not read dos header from C:\WINDOWS\System32\msvcrt.dll
[0106/134728.777:ERROR:process_memory_win.cc(73)] ReadMemory at 0x7ffd35a50000 of 64 bytes failed: Only part of a ReadProcessMemory or WriteProcessMemory request was completed. (0x12B)
[0106/134728.777:WARNING:pe_image_reader.cc(340)] could not read dos header from C:\WINDOWS\System32\bcryptPrimitives.dll
[0106/134728.777:ERROR:process_memory_win.cc(73)] ReadMemory at 0x7ffd36ec0000 of 64 bytes failed: Only part of a ReadProcessMemory or WriteProcessMemory request was completed. (0x12B)
[0106/134728.777:WARNING:pe_image_reader.cc(340)] could not read dos header from C:\WINDOWS\System32\ADVAPI32.dll
[0106/134728.777:ERROR:process_memory_win.cc(73)] ReadMemory at 0x7ffd37370000 of 64 bytes failed: Only part of a ReadProcessMemory or WriteProcessMemory request was completed. (0x12B)
[0106/134728.777:WARNING:pe_image_reader.cc(340)] could not read dos header from C:\WINDOWS\System32\sechost.dll
[0106/134728.777:ERROR:process_memory_win.cc(73)] ReadMemory at 0x7ffd38760000 of 64 bytes failed: Only part of a ReadProcessMemory or WriteProcessMemory request was completed. (0x12B)
[0106/134728.777:WARNING:pe_image_reader.cc(340)] could not read dos header from C:\WINDOWS\System32\RPCRT4.dll
[0106/134728.777:ERROR:process_memory_win.cc(73)] ReadMemory at 0x7ffcde090000 of 64 bytes failed: Only part of a ReadProcessMemory or WriteProcessMemory request was completed. (0x12B)
[0106/134728.777:WARNING:pe_image_reader.cc(340)] could not read dos header from C:\Program Files (x86)\Google\Chrome Beta\Application\80.0.3987.16\chrome.dll
[0106/134728.777:ERROR:process_memory_win.cc(73)] ReadMemory at 0x7ffd386f0000 of 64 bytes failed: Only part of a ReadProcessMemory or WriteProcessMemory request was completed. (0x12B)
[0106/134728.777:WARNING:pe_image_reader.cc(340)] could not read dos header from C:\WINDOWS\System32\WS2_32.dll
[0106/134728.777:ERROR:process_memory_win.cc(73)] ReadMemory at 0x7ffd36b10000 of 64 bytes failed: Only part of a ReadProcessMemory or WriteProcessMemory request was completed. (0x12B)
[0106/134728.777:WARNING:pe_image_reader.cc(340)] could not read dos header from C:\WINDOWS\System32\OLEAUT32.dll
[0106/134728.777:ERROR:process_memory_win.cc(73)] ReadMemory at 0x7ffd369c0000 of 64 bytes failed: Only part of a ReadProcessMemory or WriteProcessMemory request was completed. (0x12B)
[0106/134728.777:WARNING:pe_image_reader.cc(340)] could not read dos header from C:\WINDOWS\System32\msvcp_win.dll
[0106/134728.777:ERROR:process_memory_win.cc(73)] ReadMemory at 0x7ffd35b20000 of 64 bytes failed: Only part of a ReadProcessMemory or WriteProcessMemory request was completed. (0x12B)
[0106/134728.777:WARNING:pe_image_reader.cc(340)] could not read dos header from C:\WINDOWS\System32\ucrtbase.dll
[0106/134728.777:ERROR:process_memory_win.cc(73)] ReadMemory at 0x7ffd38210000 of 64 bytes failed: Only part of a ReadProcessMemory or WriteProcessMemory request was completed. (0x12B)
[0106/134728.777:WARNING:pe_image_reader.cc(340)] could not read dos header from C:\WINDOWS\System32\combase.dll
[0106/134728.777:ERROR:process_memory_win.cc(73)] ReadMemory at 0x7ffd359f0000 of 64 bytes failed: Only part of a ReadProcessMemory or WriteProcessMemory request was completed. (0x12B)
[0106/134728.777:WARNING:pe_image_reader.cc(340)] could not read dos header from C:\WINDOWS\System32\WINTRUST.dll
[0106/134728.777:ERROR:process_memory_win.cc(73)] ReadMemory at 0x7ffd35940000 of 64 bytes failed: Only part of a ReadProcessMemory or WriteProcessMemory request was completed. (0x12B)
[0106/134728.777:WARNING:pe_image_reader.cc(340)] could not read dos header from C:\WINDOWS\System32\MSASN1.dll
[0106/134728.777:ERROR:process_memory_win.cc(73)] ReadMemory at 0x7ffd36840000 of 64 bytes failed: Only part of a ReadProcessMemory or WriteProcessMemory request was completed. (0x12B)
[0106/134728.777:WARNING:pe_image_reader.cc(340)] could not read dos header from C:\WINDOWS\System32\CRYPT32.dll
[0106/134728.777:ERROR:process_memory_win.cc(73)] ReadMemory at 0x7ffd34e50000 of 64 bytes failed: Only part of a ReadProcessMemory or WriteProcessMemory request was completed. (0x12B)
[0106/134728.777:WARNING:pe_image_reader.cc(340)] could not read dos header from C:\WINDOWS\SYSTEM32\IPHLPAPI.DLL
[0106/134728.777:ERROR:process_memory_win.cc(73)] ReadMemory at 0x7ffd33230000 of 64 bytes failed: Only part of a ReadProcessMemory or WriteProcessMemory request was completed. (0x12B)
[0106/134728.777:WARNING:pe_image_reader.cc(340)] could not read dos header from C:\WINDOWS\SYSTEM32\WINMM.dll
[0106/134728.777:ERROR:process_memory_win.cc(73)] ReadMemory at 0x7ffd1fa80000 of 64 bytes failed: Only part of a ReadProcessMemory or WriteProcessMemory request was completed. (0x12B)
[0106/134728.777:WARNING:pe_image_reader.cc(340)] could not read dos header from C:\WINDOWS\SYSTEM32\Secur32.dll
[0106/134728.777:ERROR:process_memory_win.cc(73)] ReadMemory at 0x7ffd35850000 of 64 bytes failed: Only part of a ReadProcessMemory or WriteProcessMemory request was completed. (0x12B)
[0106/134728.777:WARNING:pe_image_reader.cc(340)] could not read dos header from C:\WINDOWS\SYSTEM32\USERENV.dll
[0106/134728.777:ERROR:process_memory_win.cc(73)] ReadMemory at 0x7ffd35960000 of 64 bytes failed: Only part of a ReadProcessMemory or WriteProcessMemory request was completed. (0x12B)
[0106/134728.777:WARNING:pe_image_reader.cc(340)] could not read dos header from C:\WINDOWS\System32\profapi.dll
[0106/134728.777:ERROR:process_memory_win.cc(73)] ReadMemory at 0x7ffd15e70000 of 64 bytes failed: Only part of a ReadProcessMemory or WriteProcessMemory request was completed. (0x12B)
[0106/134728.777:WARNING:pe_image_reader.cc(340)] could not read dos header from C:\WINDOWS\SYSTEM32\UIAutomationCore.DLL
[0106/134728.777:ERROR:process_memory_win.cc(73)] ReadMemory at 0x7ffd26bf0000 of 64 bytes failed: Only part of a ReadProcessMemory or WriteProcessMemory request was completed. (0x12B)
[0106/134728.777:WARNING:pe_image_reader.cc(340)] could not read dos header from C:\WINDOWS\SYSTEM32\DWrite.dll
[0106/134728.777:ERROR:process_memory_win.cc(73)] ReadMemory at 0x7ffd139d0000 of 64 bytes failed: Only part of a ReadProcessMemory or WriteProcessMemory request was completed. (0x12B)
[0106/134728.777:WARNING:pe_image_reader.cc(340)] could not read dos header from C:\WINDOWS\SYSTEM32\WINSPOOL.DRV
[0106/134728.777:ERROR:process_memory_win.cc(73)] ReadMemory at 0x7ffd359d0000 of 64 bytes failed: Only part of a ReadProcessMemory or WriteProcessMemory request was completed. (0x12B)
[0106/134728.777:WARNING:pe_image_reader.cc(340)] could not read dos header from C:\WINDOWS\System32\kernel.appcore.dll
[0106/134728.777:ERROR:process_memory_win.cc(73)] ReadMemory at 0x7ffd35c20000 of 64 bytes failed: Only part of a ReadProcessMemory or WriteProcessMemory request was completed. (0x12B)
[0106/134728.792:WARNING:pe_image_reader.cc(340)] could not read dos header from C:\WINDOWS\System32\bcrypt.dll
[0106/134728.792:ERROR:process_memory_win.cc(73)] ReadMemory at 0x7ffd341e0000 of 64 bytes failed: Only part of a ReadProcessMemory or WriteProcessMemory request was completed. (0x12B)
[0106/134728.792:WARNING:pe_image_reader.cc(340)] could not read dos header from C:\WINDOWS\SYSTEM32\dbghelp.dll
[0106/134728.792:ERROR:process_memory_win.cc(73)] ReadMemory at 0x7ffd285e0000 of 64 bytes failed: Only part of a ReadProcessMemory or WriteProcessMemory request was completed. (0x12B)
[0106/134728.792:WARNING:pe_image_reader.cc(340)] could not read dos header from C:\WINDOWS\SYSTEM32\WINHTTP.dll
[0106/134728.792:ERROR:process_memory_win.cc(73)] ReadMemory at 0x7ffd28b90000 of 64 bytes failed: Only part of a ReadProcessMemory or WriteProcessMemory request was completed. (0x12B)
[0106/134728.792:WARNING:pe_image_reader.cc(340)] could not read dos header from C:\WINDOWS\SYSTEM32\dhcpcsvc.DLL
[0106/134728.792:ERROR:process_memory_win.cc(73)] ReadMemory at 0x7ffd385d0000 of 64 bytes failed: Only part of a ReadProcessMemory or WriteProcessMemory request was completed. (0x12B)
[0106/134728.792:WARNING:pe_image_reader.cc(340)] could not read dos header from C:\WINDOWS\System32\NSI.dll
[0106/134728.792:ERROR:process_memory_win.cc(73)] ReadMemory at 0x7ffd33100000 of 64 bytes failed: Only part of a ReadProcessMemory or WriteProcessMemory request was completed. (0x12B)
[0106/134728.792:WARNING:pe_image_reader.cc(340)] could not read dos header from C:\WINDOWS\SYSTEM32\WINMMBASE.dll
[0106/134728.792:ERROR:process_memory_win.cc(73)] ReadMemory at 0x7ffd35ad0000 of 64 bytes failed: Only part of a ReadProcessMemory or WriteProcessMemory request was completed. (0x12B)
[0106/134728.792:WARNING:pe_image_reader.cc(340)] could not read dos header from C:\WINDOWS\System32\cfgmgr32.dll
[0106/134728.792:ERROR:process_memory_win.cc(73)] ReadMemory at 0x7ffd343e0000 of 64 bytes failed: Only part of a ReadProcessMemory or WriteProcessMemory request was completed. (0x12B)
[0106/134728.792:WARNING:pe_image_reader.cc(340)] could not read dos header from C:\WINDOWS\SYSTEM32\PROPSYS.dll
[0106/134728.792:ERROR:process_memory_win.cc(73)] ReadMemory at 0x7ffd37ce0000 of 64 bytes failed: Only part of a ReadProcessMemory or WriteProcessMemory request was completed. (0x12B)
[0106/134728.792:WARNING:pe_image_reader.cc(340)] could not read dos header from C:\WINDOWS\System32\shcore.dll
[0106/134728.792:ERROR:process_memory_win.cc(73)] ReadMemory at 0x7ffd35820000 of 64 bytes failed: Only part of a ReadProcessMemory or WriteProcessMemory request was completed. (0x12B)
[0106/134728.792:WARNING:pe_image_reader.cc(340)] could not read dos header from C:\WINDOWS\SYSTEM32\SSPICLI.DLL
[0106/134728.792:ERROR:process_memory_win.cc(73)] ReadMemory at 0x7ffd35310000 of 64 bytes failed: Only part of a ReadProcessMemory or WriteProcessMemory request was completed. (0x12B)
[0106/134728.792:WARNING:pe_image_reader.cc(340)] could not read dos header from C:\WINDOWS\SYSTEM32\CRYPTBASE.DLL
[0106/134728.792:ERROR:process_memory_win.cc(73)] ReadMemory at 0x7ff62d350000 of 64 bytes failed: Only part of a ReadProcessMemory or WriteProcessMemory request was completed. (0x12B)
[0106/134728.792:WARNING:pe_image_reader.cc(340)] could not read dos header from C:\Program Files (x86)\Google\Chrome Beta\Application\chrome.exe
[0106/134728.792:ERROR:process_memory_win.cc(73)] ReadMemory at 0x7ffd38a60000 of 64 bytes failed: Only part of a ReadProcessMemory or WriteProcessMemory request was completed. (0x12B)
[0106/134728.792:WARNING:pe_image_reader.cc(340)] could not read dos header from C:\WINDOWS\SYSTEM32\ntdll.dll
[0106/134728.792:ERROR:process_memory_win.cc(73)] ReadMemory at 0x7ffd38880000 of 64 bytes failed: Only part of a ReadProcessMemory or WriteProcessMemory request was completed. (0x12B)
[0106/134728.792:WARNING:pe_image_reader.cc(340)] could not read dos header from C:\WINDOWS\System32\KERNEL32.DLL
[0106/134728.792:ERROR:process_memory_win.cc(73)] ReadMemory at 0x7ffd35df0000 of 64 bytes failed: Only part of a ReadProcessMemory or WriteProcessMemory request was completed. (0x12B)
[0106/134728.792:WARNING:pe_image_reader.cc(340)] could not read dos header from C:\WINDOWS\System32\KERNELBASE.dll
[0106/134728.792:ERROR:process_memory_win.cc(73)] ReadMemory at 0x7ffcecd70000 of 64 bytes failed: Only part of a ReadProcessMemory or WriteProcessMemory request was completed. (0x12B)
[0106/134728.792:WARNING:pe_image_reader.cc(340)] could not read dos header from C:\Program Files (x86)\Google\Chrome Beta\Application\80.0.3987.16\chrome_elf.dll
[0106/134728.792:ERROR:process_memory_win.cc(73)] ReadMemory at 0x7ffd22ad0000 of 64 bytes failed: Only part of a ReadProcessMemory or WriteProcessMemory request was completed. (0x12B)
[0106/134728.792:WARNING:pe_image_reader.cc(340)] could not read dos header from C:\WINDOWS\SYSTEM32\VERSION.dll
[0106/134728.792:ERROR:process_memory_win.cc(73)] ReadMemory at 0x7ffd37190000 of 64 bytes failed: Only part of a ReadProcessMemory or WriteProcessMemory request was completed. (0x12B)
[0106/134728.792:WARNING:pe_image_reader.cc(340)] could not read dos header from C:\WINDOWS\System32\msvcrt.dll
[0106/134728.792:ERROR:process_memory_win.cc(73)] ReadMemory at 0x7ffd35a50000 of 64 bytes failed: Only part of a ReadProcessMemory or WriteProcessMemory request was completed. (0x12B)
[0106/134728.792:WARNING:pe_image_reader.cc(340)] could not read dos header from C:\WINDOWS\System32\bcryptPrimitives.dll
[0106/134728.792:ERROR:process_memory_win.cc(73)] ReadMemory at 0x7ffd36ec0000 of 64 bytes failed: Only part of a ReadProcessMemory or WriteProcessMemory request was completed. (0x12B)
[0106/134728.792:WARNING:pe_image_reader.cc(340)] could not read dos header from C:\WINDOWS\System32\ADVAPI32.dll
[0106/134728.792:ERROR:process_memory_win.cc(73)] ReadMemory at 0x7ffd37370000 of 64 bytes failed: Only part of a ReadProcessMemory or WriteProcessMemory request was completed. (0x12B)
[0106/134728.792:WARNING:pe_image_reader.cc(340)] could not read dos header from C:\WINDOWS\System32\sechost.dll
[0106/134728.792:ERROR:process_memory_win.cc(73)] ReadMemory at 0x7ffd38760000 of 64 bytes failed: Only part of a ReadProcessMemory or WriteProcessMemory request was completed. (0x12B)
[0106/134728.792:WARNING:pe_image_reader.cc(340)] could not read dos header from C:\WINDOWS\System32\RPCRT4.dll
[0106/134728.792:ERROR:process_memory_win.cc(73)] ReadMemory at 0x7ffcde090000 of 64 bytes failed: Only part of a ReadProcessMemory or WriteProcessMemory request was completed. (0x12B)
[0106/134728.792:WARNING:pe_image_reader.cc(340)] could not read dos header from C:\Program Files (x86)\Google\Chrome Beta\Application\80.0.3987.16\chrome.dll
[0106/134728.792:ERROR:process_memory_win.cc(73)] ReadMemory at 0x7ffd386f0000 of 64 bytes failed: Only part of a ReadProcessMemory or WriteProcessMemory request was completed. (0x12B)
[0106/134728.792:WARNING:pe_image_reader.cc(340)] could not read dos header from C:\WINDOWS\System32\WS2_32.dll
[0106/134728.792:ERROR:process_memory_win.cc(73)] ReadMemory at 0x7ffd36b10000 of 64 bytes failed: Only part of a ReadProcessMemory or WriteProcessMemory request was completed. (0x12B)
[0106/134728.792:WARNING:pe_image_reader.cc(340)] could not read dos header from C:\WINDOWS\System32\OLEAUT32.dll
[0106/134728.792:ERROR:process_memory_win.cc(73)] ReadMemory at 0x7ffd369c0000 of 64 bytes failed: Only part of a ReadProcessMemory or WriteProcessMemory request was completed. (0x12B)
[0106/134728.792:WARNING:pe_image_reader.cc(340)] could not read dos header from C:\WINDOWS\System32\msvcp_win.dll
[0106/134728.792:ERROR:process_memory_win.cc(73)] ReadMemory at 0x7ffd35b20000 of 64 bytes failed: Only part of a ReadProcessMemory or WriteProcessMemory request was completed. (0x12B)
[0106/134728.792:WARNING:pe_image_reader.cc(340)] could not read dos header from C:\WINDOWS\System32\ucrtbase.dll
[0106/134728.792:ERROR:process_memory_win.cc(73)] ReadMemory at 0x7ffd38210000 of 64 bytes failed: Only part of a ReadProcessMemory or WriteProcessMemory request was completed. (0x12B)
[0106/134728.792:WARNING:pe_image_reader.cc(340)] could not read dos header from C:\WINDOWS\System32\combase.dll
[0106/134728.792:ERROR:process_memory_win.cc(73)] ReadMemory at 0x7ffd359f0000 of 64 bytes failed: Only part of a ReadProcessMemory or WriteProcessMemory request was completed. (0x12B)
[0106/134728.792:WARNING:pe_image_reader.cc(340)] could not read dos header from C:\WINDOWS\System32\WINTRUST.dll
[0106/134728.792:ERROR:process_memory_win.cc(73)] ReadMemory at 0x7ffd35940000 of 64 bytes failed: Only part of a ReadProcessMemory or WriteProcessMemory request was completed. (0x12B)
[0106/134728.792:WARNING:pe_image_reader.cc(340)] could not read dos header from C:\WINDOWS\System32\MSASN1.dll
[0106/134728.792:ERROR:process_memory_win.cc(73)] ReadMemory at 0x7ffd36840000 of 64 bytes failed: Only part of a ReadProcessMemory or WriteProcessMemory request was completed. (0x12B)
[0106/134728.792:WARNING:pe_image_reader.cc(340)] could not read dos header from C:\WINDOWS\System32\CRYPT32.dll
[0106/134728.792:ERROR:process_memory_win.cc(73)] ReadMemory at 0x7ffd34e50000 of 64 bytes failed: Only part of a ReadProcessMemory or WriteProcessMemory request was completed. (0x12B)
[0106/134728.792:WARNING:pe_image_reader.cc(340)] could not read dos header from C:\WINDOWS\SYSTEM32\IPHLPAPI.DLL
[0106/134728.792:ERROR:process_memory_win.cc(73)] ReadMemory at 0x7ffd33230000 of 64 bytes failed: Only part of a ReadProcessMemory or WriteProcessMemory request was completed. (0x12B)
[0106/134728.792:WARNING:pe_image_reader.cc(340)] could not read dos header from C:\WINDOWS\SYSTEM32\WINMM.dll
[0106/134728.792:ERROR:process_memory_win.cc(73)] ReadMemory at 0x7ffd1fa80000 of 64 bytes failed: Only part of a ReadProcessMemory or WriteProcessMemory request was completed. (0x12B)
[0106/134728.792:WARNING:pe_image_reader.cc(340)] could not read dos header from C:\WINDOWS\SYSTEM32\Secur32.dll
[0106/134728.792:ERROR:process_memory_win.cc(73)] ReadMemory at 0x7ffd35850000 of 64 bytes failed: Only part of a ReadProcessMemory or WriteProcessMemory request was completed. (0x12B)
[0106/134728.792:WARNING:pe_image_reader.cc(340)] could not read dos header from C:\WINDOWS\SYSTEM32\USERENV.dll
[0106/134728.792:ERROR:process_memory_win.cc(73)] ReadMemory at 0x7ffd35960000 of 64 bytes failed: Only part of a ReadProcessMemory or WriteProcessMemory request was completed. (0x12B)
[0106/134728.792:WARNING:pe_image_reader.cc(340)] could not read dos header from C:\WINDOWS\System32\profapi.dll
[0106/134728.792:ERROR:process_memory_win.cc(73)] ReadMemory at 0x7ffd15e70000 of 64 bytes failed: Only part of a ReadProcessMemory or WriteProcessMemory request was completed. (0x12B)
[0106/134728.792:WARNING:pe_image_reader.cc(340)] could not read dos header from C:\WINDOWS\SYSTEM32\UIAutomationCore.DLL
[0106/134728.792:ERROR:process_memory_win.cc(73)] ReadMemory at 0x7ffd26bf0000 of 64 bytes failed: Only part of a ReadProcessMemory or WriteProcessMemory request was completed. (0x12B)
[0106/134728.792:WARNING:pe_image_reader.cc(340)] could not read dos header from C:\WINDOWS\SYSTEM32\DWrite.dll
[0106/134728.792:ERROR:process_memory_win.cc(73)] ReadMemory at 0x7ffd139d0000 of 64 bytes failed: Only part of a ReadProcessMemory or WriteProcessMemory request was completed. (0x12B)
[0106/134728.792:WARNING:pe_image_reader.cc(340)] could not read dos header from C:\WINDOWS\SYSTEM32\WINSPOOL.DRV
[0106/134728.792:ERROR:process_memory_win.cc(73)] ReadMemory at 0x7ffd359d0000 of 64 bytes failed: Only part of a ReadProcessMemory or WriteProcessMemory request was completed. (0x12B)
[0106/134728.792:WARNING:pe_image_reader.cc(340)] could not read dos header from C:\WINDOWS\System32\kernel.appcore.dll
[0106/134728.792:ERROR:process_memory_win.cc(73)] ReadMemory at 0x7ffd35c20000 of 64 bytes failed: Only part of a ReadProcessMemory or WriteProcessMemory request was completed. (0x12B)
[0106/134728.792:WARNING:pe_image_reader.cc(340)] could not read dos header from C:\WINDOWS\System32\bcrypt.dll
[0106/134728.792:ERROR:process_memory_win.cc(73)] ReadMemory at 0x7ffd341e0000 of 64 bytes failed: Only part of a ReadProcessMemory or WriteProcessMemory request was completed. (0x12B)
[0106/134728.792:WARNING:pe_image_reader.cc(340)] could not read dos header from C:\WINDOWS\SYSTEM32\dbghelp.dll
[0106/134728.792:ERROR:process_memory_win.cc(73)] ReadMemory at 0x7ffd285e0000 of 64 bytes failed: Only part of a ReadProcessMemory or WriteProcessMemory request was completed. (0x12B)
[0106/134728.792:WARNING:pe_image_reader.cc(340)] could not read dos header from C:\WINDOWS\SYSTEM32\WINHTTP.dll
[0106/134728.792:ERROR:process_memory_win.cc(73)] ReadMemory at 0x7ffd28b90000 of 64 bytes failed: Only part of a ReadProcessMemory or WriteProcessMemory request was completed. (0x12B)
[0106/134728.792:WARNING:pe_image_reader.cc(340)] could not read dos header from C:\WINDOWS\SYSTEM32\dhcpcsvc.DLL
[0106/134728.792:ERROR:process_memory_win.cc(73)] ReadMemory at 0x7ffd385d0000 of 64 bytes failed: Only part of a ReadProcessMemory or WriteProcessMemory request was completed. (0x12B)
[0106/134728.792:WARNING:pe_image_reader.cc(340)] could not read dos header from C:\WINDOWS\System32\NSI.dll
[0106/134728.792:ERROR:process_memory_win.cc(73)] ReadMemory at 0x7ffd33100000 of 64 bytes failed: Only part of a ReadProcessMemory or WriteProcessMemory request was completed. (0x12B)
[0106/134728.792:WARNING:pe_image_reader.cc(340)] could not read dos header from C:\WINDOWS\SYSTEM32\WINMMBASE.dll
[0106/134728.792:ERROR:process_memory_win.cc(73)] ReadMemory at 0x7ffd35ad0000 of 64 bytes failed: Only part of a ReadProcessMemory or WriteProcessMemory request was completed. (0x12B)
[0106/134728.792:WARNING:pe_image_reader.cc(340)] could not read dos header from C:\WINDOWS\System32\cfgmgr32.dll
[0106/134728.792:ERROR:process_memory_win.cc(73)] ReadMemory at 0x7ffd343e0000 of 64 bytes failed: Only part of a ReadProcessMemory or WriteProcessMemory request was completed. (0x12B)
[0106/134728.792:WARNING:pe_image_reader.cc(340)] could not read dos header from C:\WINDOWS\SYSTEM32\PROPSYS.dll
[0106/134728.792:ERROR:process_memory_win.cc(73)] ReadMemory at 0x7ffd37ce0000 of 64 bytes failed: Only part of a ReadProcessMemory or WriteProcessMemory request was completed. (0x12B)
[0106/134728.792:WARNING:pe_image_reader.cc(340)] could not read dos header from C:\WINDOWS\System32\shcore.dll
[0106/134728.792:ERROR:process_memory_win.cc(73)] ReadMemory at 0x7ffd35820000 of 64 bytes failed: Only part of a ReadProcessMemory or WriteProcessMemory request was completed. (0x12B)
[0106/134728.792:WARNING:pe_image_reader.cc(340)] could not read dos header from C:\WINDOWS\SYSTEM32\SSPICLI.DLL
[0106/134728.792:ERROR:process_memory_win.cc(73)] ReadMemory at 0x7ffd35310000 of 64 bytes failed: Only part of a ReadProcessMemory or WriteProcessMemory request was completed. (0x12B)
[0106/134728.792:WARNING:pe_image_reader.cc(340)] could not read dos header from C:\WINDOWS\SYSTEM32\CRYPTBASE.DLL
[0106/134728.846:ERROR:process_memory_win.cc(73)] ReadMemory at 0xae44de8000 of 98304 bytes failed: Only part of a ReadProcessMemory or WriteProcessMemory request was completed. (0x12B)
[0106/134728.846:ERROR:process_memory_win.cc(73)] ReadMemory at 0xae455fd000 of 12288 bytes failed: Only part of a ReadProcessMemory or WriteProcessMemory request was completed. (0x12B)
[0106/134728.846:ERROR:process_memory_win.cc(73)] ReadMemory at 0xae465fc000 of 16384 bytes failed: Only part of a ReadProcessMemory or WriteProcessMemory request was completed. (0x12B)
[0106/134728.846:ERROR:process_memory_win.cc(73)] ReadMemory at 0xae46dfb000 of 20480 bytes failed: Only part of a ReadProcessMemory or WriteProcessMemory request was completed. (0x12B)
[0106/134728.846:ERROR:process_memory_win.cc(73)] ReadMemory at 0xae475ff000 of 4096 bytes failed: Only part of a ReadProcessMemory or WriteProcessMemory request was completed. (0x12B)
[0106/134728.846:ERROR:process_memory_win.cc(73)] ReadMemory at 0xae47dfd000 of 12288 bytes failed: Only part of a ReadProcessMemory or WriteProcessMemory request was completed. (0x12B)
[0106/134728.846:ERROR:process_memory_win.cc(73)] ReadMemory at 0xae485fb000 of 20480 bytes failed: Only part of a ReadProcessMemory or WriteProcessMemory request was completed. (0x12B)
[0106/134728.846:ERROR:process_memory_win.cc(73)] ReadMemory at 0xae495fa000 of 24576 bytes failed: Only part of a ReadProcessMemory or WriteProcessMemory request was completed. (0x12B)
[0106/134728.846:ERROR:process_memory_win.cc(73)] ReadMemory at 0xae49dfa000 of 24576 bytes failed: Only part of a ReadProcessMemory or WriteProcessMemory request was completed. (0x12B)
[0106/134728.846:ERROR:process_memory_win.cc(73)] ReadMemory at 0xae4a5fa000 of 24576 bytes failed: Only part of a ReadProcessMemory or WriteProcessMemory request was completed. (0x12B)
[0106/134728.846:ERROR:process_memory_win.cc(73)] ReadMemory at 0xae4b5fd000 of 12288 bytes failed: Only part of a ReadProcessMemory or WriteProcessMemory request was completed. (0x12B)
[0106/134728.846:ERROR:process_memory_win.cc(73)] ReadMemory at 0xae4adfd000 of 12288 bytes failed: Only part of a ReadProcessMemory or WriteProcessMemory request was completed. (0x12B)
[0106/134728.846:ERROR:process_memory_win.cc(73)] ReadMemory at 0xae45dfd000 of 12288 bytes failed: Only part of a ReadProcessMemory or WriteProcessMemory request was completed. (0x12B)
[0106/134728.846:ERROR:process_memory_win.cc(73)] ReadMemory at 0xae44500000 of 852 bytes failed: Only part of a ReadProcessMemory or WriteProcessMemory request was completed. (0x12B)
[0106/134728.846:ERROR:process_memory_win.cc(73)] ReadMemory at 0xae44501000 of 6024 bytes failed: Only part of a ReadProcessMemory or WriteProcessMemory request was completed. (0x12B)
[0106/134728.846:ERROR:process_memory_win.cc(73)] ReadMemory at 0xae44503000 of 6024 bytes failed: Only part of a ReadProcessMemory or WriteProcessMemory request was completed. (0x12B)
[0106/134728.846:ERROR:process_memory_win.cc(73)] ReadMemory at 0xae44507000 of 6024 bytes failed: Only part of a ReadProcessMemory or WriteProcessMemory request was completed. (0x12B)
[0106/134728.846:ERROR:process_memory_win.cc(73)] ReadMemory at 0xae44509000 of 6024 bytes failed: Only part of a ReadProcessMemory or WriteProcessMemory request was completed. (0x12B)
[0106/134728.846:ERROR:process_memory_win.cc(73)] ReadMemory at 0xae4450b000 of 6024 bytes failed: Only part of a ReadProcessMemory or WriteProcessMemory request was completed. (0x12B)
[0106/134728.846:ERROR:process_memory_win.cc(73)] ReadMemory at 0xae4450d000 of 6024 bytes failed: Only part of a ReadProcessMemory or WriteProcessMemory request was completed. (0x12B)
[0106/134728.846:ERROR:process_memory_win.cc(73)] ReadMemory at 0xae4450f000 of 6024 bytes failed: Only part of a ReadProcessMemory or WriteProcessMemory request was completed. (0x12B)
[0106/134728.846:ERROR:process_memory_win.cc(73)] ReadMemory at 0xae44513000 of 6024 bytes failed: Only part of a ReadProcessMemory or WriteProcessMemory request was completed. (0x12B)
[0106/134728.846:ERROR:process_memory_win.cc(73)] ReadMemory at 0xae44515000 of 6024 bytes failed: Only part of a ReadProcessMemory or WriteProcessMemory request was completed. (0x12B)
[0106/134728.846:ERROR:process_memory_win.cc(73)] ReadMemory at 0xae44517000 of 6024 bytes failed: Only part of a ReadProcessMemory or WriteProcessMemory request was completed. (0x12B)
[0106/134728.846:ERROR:process_memory_win.cc(73)] ReadMemory at 0xae44521000 of 6024 bytes failed: Only part of a ReadProcessMemory or WriteProcessMemory request was completed. (0x12B)
[0106/134728.846:ERROR:process_memory_win.cc(73)] ReadMemory at 0xae44527000 of 6024 bytes failed: Only part of a ReadProcessMemory or WriteProcessMemory request was completed. (0x12B)
[0106/134728.846:ERROR:process_memory_win.cc(73)] ReadMemory at 0xae44529000 of 6024 bytes failed: Only part of a ReadProcessMemory or WriteProcessMemory request was completed. (0x12B)
[0106/134728.846:ERROR:process_memory_win.cc(73)] ReadMemory at 0x24632820fe0 of 4388 bytes failed: Only part of a ReadProcessMemory or WriteProcessMemory request was completed. (0x12B)
[0106/134728.846:ERROR:process_memory_win.cc(73)] ReadMemory at 0x24632822110 of 1012 bytes failed: Only part of a ReadProcessMemory or WriteProcessMemory request was completed. (0x12B)
[0106/134728.846:ERROR:process_memory_win.cc(73)] ReadMemory at 0x24632822758 of 128 bytes failed: Only part of a ReadProcessMemory or WriteProcessMemory request was completed. (0x12B)
[0106/134728.846:ERROR:process_memory_win.cc(73)] ReadMemory at 0x246328227da of 854 bytes failed: Only part of a ReadProcessMemory or WriteProcessMemory request was completed. (0x12B)
[0106/134728.846:ERROR:process_memory_win.cc(73)] ReadMemory at 0x24632822b32 of 128 bytes failed: Only part of a ReadProcessMemory or WriteProcessMemory request was completed. (0x12B)
[0106/134728.846:ERROR:process_memory_win.cc(73)] ReadMemory at 0x24632822bb4 of 96 bytes failed: Only part of a ReadProcessMemory or WriteProcessMemory request was completed. (0x12B)
[0106/134728.846:ERROR:process_memory_win.cc(73)] ReadMemory at 0x24632822c20 of 58 bytes failed: Only part of a ReadProcessMemory or WriteProcessMemory request was completed. (0x12B)
[0106/134728.846:ERROR:process_memory_win.cc(73)] ReadMemory at 0x24632822d20 of 132 bytes failed: Only part of a ReadProcessMemory or WriteProcessMemory request was completed. (0x12B)
[0106/134728.846:ERROR:process_memory_win.cc(73)] ReadMemory at 0x24632822eb0 of 132 bytes failed: Only part of a ReadProcessMemory or WriteProcessMemory request was completed. (0x12B)
[0106/134728.846:ERROR:process_memory_win.cc(73)] ReadMemory at 0x24632823070 of 134 bytes failed: Only part of a ReadProcessMemory or WriteProcessMemory request was completed. (0x12B)
[0106/134728.846:ERROR:process_memory_win.cc(73)] ReadMemory at 0x24632823450 of 132 bytes failed: Only part of a ReadProcessMemory or WriteProcessMemory request was completed. (0x12B)
[0106/134728.846:ERROR:process_memory_win.cc(73)] ReadMemory at 0x246328235e0 of 64 bytes failed: Only part of a ReadProcessMemory or WriteProcessMemory request was completed. (0x12B)
[0106/134728.846:ERROR:process_memory_win.cc(73)] ReadMemory at 0x24632823630 of 132 bytes failed: Only part of a ReadProcessMemory or WriteProcessMemory request was completed. (0x12B)
[0106/134728.846:ERROR:process_memory_win.cc(73)] ReadMemory at 0x246328237a0 of 132 bytes failed: Only part of a ReadProcessMemory or WriteProcessMemory request was completed. (0x12B)
[0106/134728.846:ERROR:process_memory_win.cc(73)] ReadMemory at 0x24632823a40 of 132 bytes failed: Only part of a ReadProcessMemory or WriteProcessMemory request was completed. (0x12B)
[0106/134728.846:ERROR:process_memory_win.cc(73)] ReadMemory at 0x24632823bd0 of 68 bytes failed: Only part of a ReadProcessMemory or WriteProcessMemory request was completed. (0x12B)
[0106/134728.846:ERROR:process_memory_win.cc(73)] ReadMemory at 0x24632824cd0 of 132 bytes failed: Only part of a ReadProcessMemory or WriteProcessMemory request was completed. (0x12B)
[0106/134728.846:ERROR:process_memory_win.cc(73)] ReadMemory at 0x24632824e60 of 162 bytes failed: Only part of a ReadProcessMemory or WriteProcessMemory request was completed. (0x12B)
[0106/134728.846:ERROR:process_memory_win.cc(73)] ReadMemory at 0x24632825cf0 of 62 bytes failed: Only part of a ReadProcessMemory or WriteProcessMemory request was completed. (0x12B)
[0106/134728.846:ERROR:process_memory_win.cc(73)] ReadMemory at 0x24632825e00 of 60 bytes failed: Only part of a ReadProcessMemory or WriteProcessMemory request was completed. (0x12B)
[0106/134728.846:ERROR:process_memory_win.cc(73)] ReadMemory at 0x24632826250 of 154 bytes failed: Only part of a ReadProcessMemory or WriteProcessMemory request was completed. (0x12B)
[0106/134728.846:ERROR:process_memory_win.cc(73)] ReadMemory at 0x24632826330 of 132 bytes failed: Only part of a ReadProcessMemory or WriteProcessMemory request was completed. (0x12B)
[0106/134728.846:ERROR:process_memory_win.cc(73)] ReadMemory at 0x246328264d4 of 512 bytes failed: Only part of a ReadProcessMemory or WriteProcessMemory request was completed. (0x12B)
[0106/134728.846:ERROR:process_memory_win.cc(73)] ReadMemory at 0x24632829720 of 132 bytes failed: Only part of a ReadProcessMemory or WriteProcessMemory request was completed. (0x12B)
[0106/134728.846:ERROR:process_memory_win.cc(73)] ReadMemory at 0x246328299c0 of 64 bytes failed: Only part of a ReadProcessMemory or WriteProcessMemory request was completed. (0x12B)
[0106/134728.846:ERROR:process_memory_win.cc(73)] ReadMemory at 0x24632829a10 of 62 bytes failed: Only part of a ReadProcessMemory or WriteProcessMemory request was completed. (0x12B)
[0106/134728.846:ERROR:process_memory_win.cc(73)] ReadMemory at 0x24632829a60 of 60 bytes failed: Only part of a ReadProcessMemory or WriteProcessMemory request was completed. (0x12B)
[0106/134728.846:ERROR:process_memory_win.cc(73)] ReadMemory at 0x24632829ba0 of 62 bytes failed: Only part of a ReadProcessMemory or WriteProcessMemory request was completed. (0x12B)
[0106/134728.846:ERROR:process_memory_win.cc(73)] ReadMemory at 0x24632829bf0 of 64 bytes failed: Only part of a ReadProcessMemory or WriteProcessMemory request was completed. (0x12B)
[0106/134728.846:ERROR:process_memory_win.cc(73)] ReadMemory at 0x24632829d30 of 60 bytes failed: Only part of a ReadProcessMemory or WriteProcessMemory request was completed. (0x12B)
[0106/134728.846:ERROR:process_memory_win.cc(73)] ReadMemory at 0x24632829d80 of 64 bytes failed: Only part of a ReadProcessMemory or WriteProcessMemory request was completed. (0x12B)
[0106/134728.846:ERROR:process_memory_win.cc(73)] ReadMemory at 0x24632829dd0 of 64 bytes failed: Only part of a ReadProcessMemory or WriteProcessMemory request was completed. (0x12B)
[0106/134728.846:ERROR:process_memory_win.cc(73)] ReadMemory at 0x24632829f60 of 66 bytes failed: Only part of a ReadProcessMemory or WriteProcessMemory request was completed. (0x12B)
[0106/134728.846:ERROR:process_memory_win.cc(73)] ReadMemory at 0x2463282aa70 of 132 bytes failed: Only part of a ReadProcessMemory or WriteProcessMemory request was completed. (0x12B)
[0106/134728.846:ERROR:process_memory_win.cc(73)] ReadMemory at 0x2463282ac00 of 80 bytes failed: Only part of a ReadProcessMemory or WriteProcessMemory request was completed. (0x12B)
[0106/134728.846:ERROR:process_memory_win.cc(73)] ReadMemory at 0x2463282b0f0 of 76 bytes failed: Only part of a ReadProcessMemory or WriteProcessMemory request was completed. (0x12B)
[0106/134728.846:ERROR:process_memory_win.cc(73)] ReadMemory at 0x2463282b930 of 80 bytes failed: Only part of a ReadProcessMemory or WriteProcessMemory request was completed. (0x12B)
[0106/134728.846:ERROR:process_memory_win.cc(73)] ReadMemory at 0x2463282c9b0 of 512 bytes failed: Only part of a ReadProcessMemory or WriteProcessMemory request was completed. (0x12B)
[0106/134728.846:ERROR:process_memory_win.cc(73)] ReadMemory at 0x2463282de00 of 54 bytes failed: Only part of a ReadProcessMemory or WriteProcessMemory request was completed. (0x12B)
[0106/134728.846:ERROR:process_memory_win.cc(73)] ReadMemory at 0x2463282e440 of 132 bytes failed: Only part of a ReadProcessMemory or WriteProcessMemory request was completed. (0x12B)
[0106/134728.846:ERROR:process_memory_win.cc(73)] ReadMemory at 0x2463282e570 of 132 bytes failed: Only part of a ReadProcessMemory or WriteProcessMemory request was completed. (0x12B)
[0106/134728.846:ERROR:process_memory_win.cc(73)] ReadMemory at 0x24632831960 of 132 bytes failed: Only part of a ReadProcessMemory or WriteProcessMemory request was completed. (0x12B)
[0106/134728.846:ERROR:process_memory_win.cc(73)] ReadMemory at 0x24632831a90 of 132 bytes failed: Only part of a ReadProcessMemory or WriteProcessMemory request was completed. (0x12B)
[0106/134728.846:ERROR:process_memory_win.cc(73)] ReadMemory at 0x24632831cb0 of 132 bytes failed: Only part of a ReadProcessMemory or WriteProcessMemory request was completed. (0x12B)
[0106/134728.846:ERROR:process_memory_win.cc(73)] ReadMemory at 0x24632833ad0 of 132 bytes failed: Only part of a ReadProcessMemory or WriteProcessMemory request was completed. (0x12B)
[0106/134728.846:ERROR:process_memory_win.cc(73)] ReadMemory at 0x24632833ce0 of 132 bytes failed: Only part of a ReadProcessMemory or WriteProcessMemory request was completed. (0x12B)
[0106/134728.846:ERROR:process_memory_win.cc(73)] ReadMemory at 0x24632834010 of 132 bytes failed: Only part of a ReadProcessMemory or WriteProcessMemory request was completed. (0x12B)
[0106/134728.846:ERROR:process_memory_win.cc(73)] ReadMemory at 0x24632834140 of 132 bytes failed: Only part of a ReadProcessMemory or WriteProcessMemory request was completed. (0x12B)
[0106/134728.846:ERROR:process_memory_win.cc(73)] ReadMemory at 0x24632834270 of 132 bytes failed: Only part of a ReadProcessMemory or WriteProcessMemory request was completed. (0x12B)
[0106/134728.846:ERROR:process_memory_win.cc(73)] ReadMemory at 0x246328343a0 of 132 bytes failed: Only part of a ReadProcessMemory or WriteProcessMemory request was completed. (0x12B)
[0106/134728.846:ERROR:process_memory_win.cc(73)] ReadMemory at 0x24632834600 of 132 bytes failed: Only part of a ReadProcessMemory or WriteProcessMemory request was completed. (0x12B)
[0106/134728.846:ERROR:process_memory_win.cc(73)] ReadMemory at 0x24632834730 of 132 bytes failed: Only part of a ReadProcessMemory or WriteProcessMemory request was completed. (0x12B)
[0106/134728.846:ERROR:process_memory_win.cc(73)] ReadMemory at 0x24632834860 of 132 bytes failed: Only part of a ReadProcessMemory or WriteProcessMemory request was completed. (0x12B)
[0106/134728.846:ERROR:process_memory_win.cc(73)] ReadMemory at 0x24632834990 of 132 bytes failed: Only part of a ReadProcessMemory or WriteProcessMemory request was completed. (0x12B)
[0106/134728.846:ERROR:process_memory_win.cc(73)] ReadMemory at 0x24632834ac0 of 132 bytes failed: Only part of a ReadProcessMemory or WriteProcessMemory request was completed. (0x12B)
[0106/134728.846:ERROR:process_memory_win.cc(73)] ReadMemory at 0x24632834bf0 of 132 bytes failed: Only part of a ReadProcessMemory or WriteProcessMemory request was completed. (0x12B)
[0106/134728.846:ERROR:process_memory_win.cc(73)] ReadMemory at 0x24632834d20 of 132 bytes failed: Only part of a ReadProcessMemory or WriteProcessMemory request was completed. (0x12B)
[0106/134728.846:ERROR:process_memory_win.cc(73)] ReadMemory at 0x24632834e50 of 132 bytes failed: Only part of a ReadProcessMemory or WriteProcessMemory request was completed. (0x12B)
[0106/134728.846:ERROR:process_memory_win.cc(73)] ReadMemory at 0x24632835020 of 64 bytes failed: Only part of a ReadProcessMemory or WriteProcessMemory request was completed. (0x12B)
[0106/134728.846:ERROR:process_memory_win.cc(73)] ReadMemory at 0x24632835110 of 60 bytes failed: Only part of a ReadProcessMemory or WriteProcessMemory request was completed. (0x12B)
[0106/134728.846:ERROR:process_memory_win.cc(73)] ReadMemory at 0x24632835160 of 64 bytes failed: Only part of a ReadProcessMemory or WriteProcessMemory request was completed. (0x12B)
[0106/134728.846:ERROR:process_memory_win.cc(73)] ReadMemory at 0x24632835200 of 62 bytes failed: Only part of a ReadProcessMemory or WriteProcessMemory request was completed. (0x12B)
[0106/134728.846:ERROR:process_memory_win.cc(73)] ReadMemory at 0x24632835250 of 60 bytes failed: Only part of a ReadProcessMemory or WriteProcessMemory request was completed. (0x12B)
[0106/134728.846:ERROR:process_memory_win.cc(73)] ReadMemory at 0x24632835480 of 62 bytes failed: Only part of a ReadProcessMemory or WriteProcessMemory request was completed. (0x12B)
[0106/134728.846:ERROR:process_memory_win.cc(73)] ReadMemory at 0x24632835520 of 64 bytes failed: Only part of a ReadProcessMemory or WriteProcessMemory request was completed. (0x12B)
[0106/134728.846:ERROR:process_memory_win.cc(73)] ReadMemory at 0x24632835610 of 60 bytes failed: Only part of a ReadProcessMemory or WriteProcessMemory request was completed. (0x12B)
[0106/134728.846:ERROR:process_memory_win.cc(73)] ReadMemory at 0x24632835750 of 62 bytes failed: Only part of a ReadProcessMemory or WriteProcessMemory request was completed. (0x12B)
[0106/134728.846:ERROR:process_memory_win.cc(73)] ReadMemory at 0x24632835890 of 64 bytes failed: Only part of a ReadProcessMemory or WriteProcessMemory request was completed. (0x12B)
[0106/134728.846:ERROR:process_memory_win.cc(73)] ReadMemory at 0x246328358e0 of 66 bytes failed: Only part of a ReadProcessMemory or WriteProcessMemory request was completed. (0x12B)
[0106/134728.846:ERROR:process_memory_win.cc(73)] ReadMemory at 0x246328359d0 of 62 bytes failed: Only part of a ReadProcessMemory or WriteProcessMemory request was completed. (0x12B)
[0106/134728.846:ERROR:process_memory_win.cc(73)] ReadMemory at 0x24632835ca0 of 62 bytes failed: Only part of a ReadProcessMemory or WriteProcessMemory request was completed. (0x12B)
[0106/134728.846:ERROR:process_memory_win.cc(73)] ReadMemory at 0x24632835cf0 of 62 bytes failed: Only part of a ReadProcessMemory or WriteProcessMemory request was completed. (0x12B)
[0106/134728.846:ERROR:process_memory_win.cc(73)] ReadMemory at 0x24632835d40 of 58 bytes failed: Only part of a ReadProcessMemory or WriteProcessMemory request was completed. (0x12B)
[0106/134728.846:ERROR:process_memory_win.cc(73)] ReadMemory at 0x24632835e30 of 62 bytes failed: Only part of a ReadProcessMemory or WriteProcessMemory request was completed. (0x12B)
[0106/134728.846:ERROR:process_memory_win.cc(73)] ReadMemory at 0x24632835e80 of 60 bytes failed: Only part of a ReadProcessMemory or WriteProcessMemory request was completed. (0x12B)
[0106/134728.846:ERROR:process_memory_win.cc(73)] ReadMemory at 0x24632835ed0 of 62 bytes failed: Only part of a ReadProcessMemory or WriteProcessMemory request was completed. (0x12B)
[0106/134728.846:ERROR:process_memory_win.cc(73)] ReadMemory at 0x24632836290 of 132 bytes failed: Only part of a ReadProcessMemory or WriteProcessMemory request was completed. (0x12B)
[0106/134728.846:ERROR:process_memory_win.cc(73)] ReadMemory at 0x24632836620 of 132 bytes failed: Only part of a ReadProcessMemory or WriteProcessMemory request was completed. (0x12B)
[0106/134728.846:ERROR:process_memory_win.cc(73)] ReadMemory at 0x24632836880 of 132 bytes failed: Only part of a ReadProcessMemory or WriteProcessMemory request was completed. (0x12B)
[0106/134728.846:ERROR:process_memory_win.cc(73)] ReadMemory at 0x24632836d40 of 132 bytes failed: Only part of a ReadProcessMemory or WriteProcessMemory request was completed. (0x12B)
[0106/134728.846:ERROR:process_memory_win.cc(73)] ReadMemory at 0x246328370d0 of 132 bytes failed: Only part of a ReadProcessMemory or WriteProcessMemory request was completed. (0x12B)
[0106/134728.846:ERROR:process_memory_win.cc(73)] ReadMemory at 0x24632837200 of 132 bytes failed: Only part of a ReadProcessMemory or WriteProcessMemory request was completed. (0x12B)
[0106/134728.846:ERROR:process_memory_win.cc(73)] ReadMemory at 0x24632837460 of 132 bytes failed: Only part of a ReadProcessMemory or WriteProcessMemory request was completed. (0x12B)
[0106/134728.846:ERROR:process_memory_win.cc(73)] ReadMemory at 0x24632837590 of 132 bytes failed: Only part of a ReadProcessMemory or WriteProcessMemory request was completed. (0x12B)
[0106/134728.846:ERROR:process_memory_win.cc(73)] ReadMemory at 0x246328376c0 of 132 bytes failed: Only part of a ReadProcessMemory or WriteProcessMemory request was completed. (0x12B)
[0106/134728.846:ERROR:process_memory_win.cc(73)] ReadMemory at 0x24632837a50 of 132 bytes failed: Only part of a ReadProcessMemory or WriteProcessMemory request was completed. (0x12B)
[0106/134728.846:ERROR:process_memory_win.cc(73)] ReadMemory at 0x2463284dea0 of 688 bytes failed: Only part of a ReadProcessMemory or WriteProcessMemory request was completed. (0x12B)
[0106/134728.846:ERROR:process_memory_win.cc(73)] ReadMemory at 0x24632920cd0 of 512 bytes failed: Only part of a ReadProcessMemory or WriteProcessMemory request was completed. (0x12B)
[0106/134728.846:ERROR:process_memory_win.cc(73)] ReadMemory at 0x24632922740 of 896 bytes failed: Only part of a ReadProcessMemory or WriteProcessMemory request was completed. (0x12B)
[0106/134728.846:ERROR:process_memory_win.cc(73)] ReadMemory at 0x246329e0000 of 384 bytes failed: Only part of a ReadProcessMemory or WriteProcessMemory request was completed. (0x12B)
[0106/134728.846:ERROR:process_memory_win.cc(73)] ReadMemory at 0x24632b11498 of 512 bytes failed: Only part of a ReadProcessMemory or WriteProcessMemory request was completed. (0x12B)
[0106/134728.861:ERROR:process_memory_win.cc(73)] ReadMemory at 0x24632b1f100 of 512 bytes failed: Only part of a ReadProcessMemory or WriteProcessMemory request was completed. (0x12B)
[0106/134728.861:ERROR:process_memory_win.cc(73)] ReadMemory at 0x24632b25270 of 512 bytes failed: Only part of a ReadProcessMemory or WriteProcessMemory request was completed. (0x12B)
[0106/134728.861:ERROR:process_memory_win.cc(73)] ReadMemory at 0x24632b37230 of 712 bytes failed: Only part of a ReadProcessMemory or WriteProcessMemory request was completed. (0x12B)
[0106/134728.861:ERROR:process_memory_win.cc(73)] ReadMemory at 0x24632b4caa0 of 512 bytes failed: Only part of a ReadProcessMemory or WriteProcessMemory request was completed. (0x12B)
[0106/134728.861:ERROR:process_memory_win.cc(73)] ReadMemory at 0x24632b4f7d8 of 512 bytes failed: Only part of a ReadProcessMemory or WriteProcessMemory request was completed. (0x12B)
[0106/134728.861:ERROR:process_memory_win.cc(73)] ReadMemory at 0x24632b4fe08 of 512 bytes failed: Only part of a ReadProcessMemory or WriteProcessMemory request was completed. (0x12B)
[0106/134728.861:ERROR:process_memory_win.cc(73)] ReadMemory at 0x24632b505e8 of 512 bytes failed: Only part of a ReadProcessMemory or WriteProcessMemory request was completed. (0x12B)
[0106/134728.861:ERROR:process_memory_win.cc(73)] ReadMemory at 0x24634cbe5f0 of 512 bytes failed: Only part of a ReadProcessMemory or WriteProcessMemory request was completed. (0x12B)
[0106/134728.861:ERROR:process_memory_win.cc(73)] ReadMemory at 0x24634cd53b0 of 512 bytes failed: Only part of a ReadProcessMemory or WriteProcessMemory request was completed. (0x12B)
[0106/134728.861:ERROR:process_memory_win.cc(73)] ReadMemory at 0x24634dc3fd0 of 512 bytes failed: Only part of a ReadProcessMemory or WriteProcessMemory request was completed. (0x12B)
[0106/134728.861:ERROR:process_memory_win.cc(73)] ReadMemory at 0x24637c74fa0 of 520 bytes failed: Only part of a ReadProcessMemory or WriteProcessMemory request was completed. (0x12B)
[0106/134728.861:ERROR:process_memory_win.cc(73)] ReadMemory at 0x24637f95440 of 512 bytes failed: Only part of a ReadProcessMemory or WriteProcessMemory request was completed. (0x12B)
[0106/134728.861:ERROR:process_memory_win.cc(73)] ReadMemory at 0x24637f9ac80 of 512 bytes failed: Only part of a ReadProcessMemory or WriteProcessMemory request was completed. (0x12B)
[0106/134728.861:ERROR:process_memory_win.cc(73)] ReadMemory at 0x246380edf10 of 512 bytes failed: Only part of a ReadProcessMemory or WriteProcessMemory request was completed. (0x12B)
[0106/134728.861:ERROR:process_memory_win.cc(73)] ReadMemory at 0x246380efea0 of 528 bytes failed: Only part of a ReadProcessMemory or WriteProcessMemory request was completed. (0x12B)
[0106/134728.861:ERROR:process_memory_win.cc(73)] ReadMemory at 0x2463813a820 of 512 bytes failed: Only part of a ReadProcessMemory or WriteProcessMemory request was completed. (0x12B)
[0106/134728.861:ERROR:process_memory_win.cc(73)] ReadMemory at 0x246381bc108 of 512 bytes failed: Only part of a ReadProcessMemory or WriteProcessMemory request was completed. (0x12B)
[0106/134728.861:ERROR:process_memory_win.cc(73)] ReadMemory at 0x246382a9770 of 512 bytes failed: Only part of a ReadProcessMemory or WriteProcessMemory request was completed. (0x12B)
[0106/134728.861:ERROR:process_memory_win.cc(73)] ReadMemory at 0x7ffcde11c8f9 of 512 bytes failed: Only part of a ReadProcessMemory or WriteProcessMemory request was completed. (0x12B)
[0106/134728.861:ERROR:process_memory_win.cc(73)] ReadMemory at 0x7ffce02be628 of 512 bytes failed: Only part of a ReadProcessMemory or WriteProcessMemory request was completed. (0x12B)
[0106/134728.861:ERROR:process_memory_win.cc(73)] ReadMemory at 0x7ffce063ff6f of 512 bytes failed: Only part of a ReadProcessMemory or WriteProcessMemory request was completed. (0x12B)
[0106/134728.861:ERROR:process_memory_win.cc(73)] ReadMemory at 0x7ffd35e2a7b9 of 512 bytes failed: Only part of a ReadProcessMemory or WriteProcessMemory request was completed. (0x12B)
[0106/134728.861:ERROR:process_memory_win.cc(73)] ReadMemory at 0x7ffd3605b6d0 of 512 bytes failed: Only part of a ReadProcessMemory or WriteProcessMemory request was completed. (0x12B)
[0106/134728.861:ERROR:process_memory_win.cc(73)] ReadMemory at 0x7ffd38afc0c4 of 672 bytes failed: Only part of a ReadProcessMemory or WriteProcessMemory request was completed. (0x12B)
[0106/134728.861:ERROR:process_memory_win.cc(73)] ReadMemory at 0x7ffd38afc6c4 of 512 bytes failed: Only part of a ReadProcessMemory or WriteProcessMemory request was completed. (0x12B)
[0106/134728.861:ERROR:process_memory_win.cc(73)] ReadMemory at 0x7ffd38aff974 of 608 bytes failed: Only part of a ReadProcessMemory or WriteProcessMemory request was completed. (0x12B)
[0106/134728.861:ERROR:process_memory_win.cc(73)] ReadMemory at 0x7ffd38b05ef1 of 512 bytes failed: Only part of a ReadProcessMemory or WriteProcessMemory request was completed. (0x12B)
[0106/134728.861:ERROR:process_memory_win.cc(73)] ReadMemory at 0x7ffd38b8c428 of 18 bytes failed: Only part of a ReadProcessMemory or WriteProcessMemory request was completed. (0x12B)
[0106/134728.861:ERROR:process_memory_win.cc(73)] ReadMemory at 0x7ffd38bbf4f8 of 40 bytes failed: Only part of a ReadProcessMemory or WriteProcessMemory request was completed. (0x12B)
[0106/134728.861:ERROR:process_memory_win.cc(73)] ReadMemory at 0x7ffd38bbf978 of 48 bytes failed: Only part of a ReadProcessMemory or WriteProcessMemory request was completed. (0x12B)
[0106/134728.861:ERROR:process_memory_win.cc(73)] ReadMemory at 0x7ffd38bc53c0 of 64 bytes failed: Only part of a ReadProcessMemory or WriteProcessMemory request was completed. (0x12B)
[0106/134728.861:ERROR:scoped_process_suspend.cc(40)] NtResumeProcess: An attempt was made to access an exiting process. (0xc000010a)
